commit 6a50eb12a4613c1faa0954088e44f411a23e756a
Author: Ana Paula Gomes <apgomes88@gmail.com>
Date:   Thu May 18 18:43:48 2017 -0300

    Move file info to a unique file

:000000 100644 0000000... 90a6623... A	saul/file_info.py
:100644 100644 9a53725... 83dc75e... M	saul/file_info_repository.py
:100644 100644 741ff72... 718a317... M	tests/test_file_info.py

commit da31695938581d65c332767f10d2a34506ed92f3
Author: Ana Paula Gomes <apgomes88@gmail.com>
Date:   Thu May 18 18:41:59 2017 -0300

    Verify if count changes after add related files

:100644 100644 f1eda97... 741ff72... M	tests/test_file_info.py

commit a8b9cdde83e1574213831e2ce86cc8f839d1188e
Author: Ana Paula Gomes <apgomes88@gmail.com>
Date:   Thu May 18 18:38:26 2017 -0300

    Verify if add count changes right when a related file is added

:100644 100644 dd0826d... f1eda97... M	tests/test_file_info.py

commit daa7cd66fcba2572a4bfa8bf259a047ee04cc26e
Author: Ana Paula Gomes <apgomes88@gmail.com>
Date:   Thu May 18 18:36:53 2017 -0300

    Verify if add change when new related file is added

:000000 100644 0000000... dd0826d... A	tests/test_file_info.py

commit 5c131f8be9a45f61e67ad7f804b483069d5872ed
Author: Ana Paula Gomes <apgomes88@gmail.com>
Date:   Thu May 18 18:36:31 2017 -0300

    Add equals to object

:100644 100644 98b1a5f... 9a53725... M	saul/file_info_repository.py

commit 4f9866bac70fc6c2ed0bf2773ea12f4b80adc4f4
Merge: f5ad552 54dec35
Author: Ana Paula Gomes <apgomes88@gmail.com>
Date:   Thu May 18 18:17:07 2017 -0300

    Fix conflicts

commit 54dec3549e00c65de652c13b39c8dcf24c596e2a
Merge: 7a76e54 665e0bd
Author: Ana Paula Gomes <apgomes88@gmail.com>
Date:   Thu May 18 18:15:34 2017 -0300

    Merge pull request #3 from anapaulagomes/code-base-graph
    
    Create code base graph

commit f5ad552a0263fe6fdea07ec0a88b779baf301a0f
Author: Ana Paula Gomes <apgomes88@gmail.com>
Date:   Thu May 18 18:13:03 2017 -0300

    Add htmlcov from test coverage plugin

:100644 100644 cf97e16... d6cb09e... M	.gitignore
:100644 100644 7022c39... bf997a2... M	tests/test_files_auditor.py

commit 665e0bd540e41cbfb05585dc18c938e8ede0be3e
Author: Ana Paula Gomes <apgomes88@gmail.com>
Date:   Sun May 14 20:29:20 2017 -0300

    Rename methods to be more domain related

:100644 100644 51922a4... 04973c4... M	saul/codebasegraph.py
:100644 100644 0e44831... c87fb3f... M	tests/test_codebase_graph.py

commit a05a25b6f4afc91d05dfbb80a49a5e2079ef2d8b
Author: Ana Paula Gomes <apgomes88@gmail.com>
Date:   Sun May 14 20:25:47 2017 -0300

    Fix tests to support Python versions before 3.6

:100644 100644 52851c6... 0e44831... M	tests/test_codebase_graph.py

commit 534d77671a5bdf5422ef60360f2fc427cf984044
Author: Ana Paula Gomes <apgomes88@gmail.com>
Date:   Sun May 14 20:25:08 2017 -0300

    Force tox to reinstall requirements

:100644 100644 86379f1... 1994545... M	Makefile

commit 9e1000cc679b026048424bb4875a2897e028543c
Author: Ana Paula Gomes <apgomes88@gmail.com>
Date:   Sun May 14 19:55:57 2017 -0300

    Add related files as edges

:100644 100644 e2eebd9... 51922a4... M	saul/codebasegraph.py
:100644 100644 72eeb45... 52851c6... M	tests/test_codebase_graph.py

commit b30705ce6d434c2c35ca22e491872e38ad11769c
Author: Ana Paula Gomes <apgomes88@gmail.com>
Date:   Sun May 14 19:28:43 2017 -0300

    Add file as nodes

:100644 100644 e05f4a5... e2eebd9... M	saul/codebasegraph.py
:100644 100644 20e8814... 72eeb45... M	tests/test_codebase_graph.py

commit 56bc924418b7aa6a966934fea0c741b3a757d7a5
Author: Ana Paula Gomes <apgomes88@gmail.com>
Date:   Sun May 14 19:04:41 2017 -0300

    Add code base graph based on file info repository

:000000 100644 0000000... e05f4a5... A	saul/codebasegraph.py
:000000 100644 0000000... 20e8814... A	tests/test_codebase_graph.py

commit e0cd7cad388523454e6417d264b79b4aa409fb44
Author: Ana Paula Gomes <apgomes88@gmail.com>
Date:   Sun May 14 19:04:06 2017 -0300

    Cure obsessive compulsive disorder adding a space after comma 😳

:100644 100644 7022c39... da3b7fd... M	tests/test_files_auditor.py

commit e995797d5674f027ab4877f2b36ac48ad1ddd6de
Author: Ana Paula Gomes <apgomes88@gmail.com>
Date:   Sun May 14 18:46:15 2017 -0300

    Add networkx as requirement

:100644 100644 13c3571... cc544bc... M	requirements.txt

commit 7a76e54361287c40d6d2181bea8c0756dd7c9d7f
Author: Ana Paula Gomes <apgomes88@gmail.com>
Date:   Sun May 14 18:31:26 2017 -0300

    Add Code Climate and Code Health badges

:100644 100644 12833ba... 23d5527... M	README.md

commit 30ff878c518e89fb4256633f65893569e0ef9468
Author: Ana Paula Gomes <apgomes88@gmail.com>
Date:   Sun May 14 18:22:53 2017 -0300

    Fix assert order

:100644 100644 32902d0... 7022c39... M	tests/test_files_auditor.py
:100644 100644 8477509... 7b6ba66... M	tests/test_parser.py

commit f4b3424a1251abc60e4bb10d5a0d80e27d356977
Author: Ana Paula Gomes <apgomes88@gmail.com>
Date:   Sun May 14 18:20:27 2017 -0300

    Fix test file name

:100644 100644 32902d0... 32902d0... R100	tests/files_auditor_test.py	tests/test_files_auditor.py

commit 1950c1c8097ac0413124bd8320a965e4db333603
Merge: 90607f3 1af5e26
Author: Ana Paula Gomes <apgomes88@gmail.com>
Date:   Tue May 2 11:51:00 2017 -0300

    Merge pull request #2 from anapaulagomes/changes_per_file
    
    Parse log to find amount of changes per file

commit 1af5e26858c473351a4c928e2edb322b7ef193b5
Author: Marcos Brizeno <marcos.uece.comp@gmail.com>
Date:   Mon May 1 11:57:42 2017 -0300

    Use FileInforRepository while parsing log

:100644 100644 ae0bd38... 529f0b2... M	saul/parser.py
:100644 100644 45e9f9b... 8477509... M	tests/test_parser.py

commit a00f1774a4a7e68fff6ef9962304e58425cddee0
Author: Marcos Brizeno <marcos.uece.comp@gmail.com>
Date:   Mon May 1 11:47:59 2017 -0300

    Rename repository methods

:100644 100644 e927c4a... 98b1a5f... M	saul/file_info_repository.py
:100644 100644 5642750... 32902d0... M	tests/files_auditor_test.py

commit dfe5edb1f6b2f9571bbfc79c4d7651f27dd7bba2
Author: Marcos Brizeno <marcos.uece.comp@gmail.com>
Date:   Mon May 1 11:46:10 2017 -0300

    Refactor file auditor to file info repository

:100644 100644 76fe38c... e927c4a... R096	saul/files_auditor.py	saul/file_info_repository.py
:100644 100644 2605343... 5642750... M	tests/files_auditor_test.py

commit e3da3161094cdf5c21c08a210cc856f66a7d81bc
Author: Marcos Brizeno <marcos.uece.comp@gmail.com>
Date:   Sun Apr 30 22:23:01 2017 -0300

    Add FilesAuditor to centralize files management

:000000 100644 0000000... 76fe38c... A	saul/files_auditor.py
:000000 100644 0000000... 2605343... A	tests/files_auditor_test.py

commit 3e2652b989844aa74f12b32855cfe4f929dab742
Author: Marcos Brizeno <marcos.uece.comp@gmail.com>
Date:   Sat Apr 29 19:11:01 2017 -0300

    Parse log to find amount of changes per file

:100644 100644 cde1bd8... ae0bd38... M	saul/parser.py
:100644 100644 dbff20d... cc8039e... M	tests/fixtures/log_fixtures.py
:100644 100644 7706f16... 45e9f9b... M	tests/test_parser.py

commit 90607f3d16498c8facea5d0eea39ca709d810e96
Merge: 62421db 40fe2f5
Author: Ana Paula Gomes <apgomes88@gmail.com>
Date:   Mon Apr 24 19:05:47 2017 -0300

    Merge pull request #1 from anapaulagomes/raw_log_formatting
    
    Use git log --raw formating and ignore merge commits

commit 40fe2f59d90093e414013ba5d5b3b467bc288a48
Author: Marcos Brizeno <marcos.uece.comp@gmail.com>
Date:   Mon Apr 24 18:22:50 2017 -0300

    Move fixtures to a dedicated folder and extract common variable from tests

:100644 100644 f99b270... cde1bd8... M	saul/parser.py
:000000 100644 0000000... e69de29... A	tests/fixtures/__init__.py
:100644 100644 dbff20d... dbff20d... R100	tests/log_fixtures.py	tests/fixtures/log_fixtures.py
:100644 100644 2523622... 7706f16... M	tests/test_parser.py

commit 949c19fd8a732739f596b7e3de1b5d6a56a3e418
Author: Marcos Brizeno <marcos.uece.comp@gmail.com>
Date:   Fri Apr 21 14:21:29 2017 -0300

    Use git log --raw formating and ignore merge commits

:100644 100644 616dfea... f99b270... M	saul/parser.py
:000000 100644 0000000... dbff20d... A	tests/log_fixtures.py
:100644 100644 803b5e4... 2523622... M	tests/test_parser.py

commit 62421dbd291bfdb119825f087d58e92a1f3629e2
Author: Ana Gomes <agomes@thoughtworks.com>
Date:   Thu Apr 20 19:20:05 2017 -0300

    Add travis badge

:100644 100644 1ed3a50... 12833ba... M	README.md

commit 75be0602c95d1caa95d73d22f0ee40b0fcf38fbf
Author: Ana Gomes <agomes@thoughtworks.com>
Date:   Thu Apr 20 19:15:09 2017 -0300

    Add travis configuration

:000000 100644 0000000... 9b20f40... A	.travis.yml

commit 6488a9f27e9b0d05b67d86ed2f1870676f1ddb20
Author: Ana Gomes <agomes@thoughtworks.com>
Date:   Thu Apr 20 19:13:13 2017 -0300

    Add tox configuration

:100644 100644 502c210... 13c3571... M	requirements.txt
:000000 100644 0000000... 29b9389... A	tox.ini

commit cff06450d7953ab7a751479d856388723af86969
Author: Ana Gomes <agomes@thoughtworks.com>
Date:   Thu Apr 20 19:10:36 2017 -0300

    Parse commit log to find changed files

:000000 100644 0000000... 616dfea... A	saul/parser.py
:000000 100644 0000000... 803b5e4... A	tests/test_parser.py

commit 6bfa327a7106f3ef433580f6ce39d736e6789d0c
Author: Ana Gomes <agomes@thoughtworks.com>
Date:   Thu Apr 20 18:50:17 2017 -0300

    Initial setup

:000000 100644 0000000... cf97e16... A	.gitignore
:000000 100644 0000000... 12d068e... A	LICENSE
:000000 100644 0000000... 86379f1... A	Makefile
:000000 100644 0000000... 1ed3a50... A	README.md
:000000 100644 0000000... 502c210... A	requirements.txt
:000000 100644 0000000... e69de29... A	saul/__init__.py
:000000 100644 0000000... bbec42d... A	setup.py
:000000 100644 0000000... e69de29... A	tests/__init__.py
